Fri 12 Jan 2024 14:29:33 INFO  
General Hyper Parameters:
gpu_id = 0
use_gpu = True
seed = 2020
state = INFO
reproducibility = True
data_path = D:\AllProjects\PycharmProjects\recommendationAlgorithms\.venv\Lib\site-packages\recbole\config\../dataset_example/ml-100k
checkpoint_dir = saved
show_progress = True
save_dataset = False
dataset_save_path = None
save_dataloaders = False
dataloaders_save_path = None
log_wandb = False

Training Hyper Parameters:
epochs = 300
train_batch_size = 2048
learner = adam
learning_rate = 0.001
train_neg_sample_args = {'distribution': 'uniform', 'sample_num': 1, 'alpha': 1.0, 'dynamic': False, 'candidate_num': 0}
eval_step = 1
stopping_step = 10
clip_grad_norm = None
weight_decay = 0.0
loss_decimal_place = 4

Evaluation Hyper Parameters:
eval_args = {'split': {'RS': [0.8, 0.1, 0.1]}, 'order': 'RO', 'group_by': 'user', 'mode': {'valid': 'full', 'test': 'full'}}
repeatable = False
metrics = ['Recall', 'MRR', 'NDCG', 'Hit', 'Precision']
topk = [10]
valid_metric = MRR@10
valid_metric_bigger = True
eval_batch_size = 4096
metric_decimal_place = 4

Dataset Hyper Parameters:
field_separator = 	
seq_separator =  
USER_ID_FIELD = user_id
ITEM_ID_FIELD = item_id
RATING_FIELD = rating
TIME_FIELD = timestamp
seq_len = None
LABEL_FIELD = label
threshold = None
NEG_PREFIX = neg_
load_col = {'inter': ['user_id', 'item_id', 'rating', 'timestamp']}
unload_col = None
unused_col = None
additional_feat_suffix = None
rm_dup_inter = None
val_interval = None
filter_inter_by_user_or_item = True
user_inter_num_interval = None
item_inter_num_interval = None
alias_of_user_id = None
alias_of_item_id = None
alias_of_entity_id = None
alias_of_relation_id = None
preload_weight = None
normalize_field = None
normalize_all = True
ITEM_LIST_LENGTH_FIELD = item_length
LIST_SUFFIX = _list
MAX_ITEM_LIST_LENGTH = 50
POSITION_FIELD = position_id
HEAD_ENTITY_ID_FIELD = head_id
TAIL_ENTITY_ID_FIELD = tail_id
RELATION_ID_FIELD = relation_id
ENTITY_ID_FIELD = entity_id
kg_reverse_r = False
entity_kg_num_interval = None
relation_kg_num_interval = None
benchmark_filename = None

Other Hyper Parameters: 
worker = 0
wandb_project = recbole
shuffle = True
require_pow = False
enable_amp = False
enable_scaler = False
transform = None
embedding_size = 64
numerical_features = []
discretization = None
MODEL_TYPE = ModelType.GENERAL
MODEL_INPUT_TYPE = InputType.PAIRWISE
eval_type = EvaluatorType.RANKING
single_spec = True
local_rank = 0
device = cpu
valid_neg_sample_args = {'distribution': 'uniform', 'sample_num': 'none'}
test_neg_sample_args = {'distribution': 'uniform', 'sample_num': 'none'}


Fri 12 Jan 2024 14:29:34 INFO  ml-100k
The number of users: 944
Average actions of users: 106.04453870625663
The number of items: 1683
Average actions of items: 59.45303210463734
The number of inters: 100000
The sparsity of the dataset: 93.70575143257098%
Remain Fields: ['user_id', 'item_id', 'rating', 'timestamp']
Fri 12 Jan 2024 14:29:35 INFO  [Training]: train_batch_size = [2048] train_neg_sample_args: [{'distribution': 'uniform', 'sample_num': 1, 'alpha': 1.0, 'dynamic': False, 'candidate_num': 0}]
Fri 12 Jan 2024 14:29:35 INFO  [Evaluation]: eval_batch_size = [4096] eval_args: [{'split': {'RS': [0.8, 0.1, 0.1]}, 'order': 'RO', 'group_by': 'user', 'mode': {'valid': 'full', 'test': 'full'}}]
Fri 12 Jan 2024 14:29:35 INFO  ml-100k
The number of users: 944
Average actions of users: 106.04453870625663
The number of items: 1683
Average actions of items: 59.45303210463734
The number of inters: 100000
The sparsity of the dataset: 93.70575143257098%
Remain Fields: ['user_id', 'item_id', 'rating', 'timestamp', 'neg_item_id']
Fri 12 Jan 2024 14:29:37 INFO  epoch 0 training [time: 1.00s, train loss: 27.7207]
Fri 12 Jan 2024 14:29:38 INFO  epoch 0 evaluating [time: 0.54s, valid_score: 0.022600]
Fri 12 Jan 2024 14:29:38 INFO  valid result: 
recall@10 : 0.0075    mrr@10 : 0.0226    ndcg@10 : 0.0094    hit@10 : 0.0795    precision@10 : 0.0085
Fri 12 Jan 2024 14:29:38 INFO  Saving current: saved\BPR-Jan-12-2024_14-29-35.pth
Fri 12 Jan 2024 14:29:38 INFO  epoch 1 training [time: 0.31s, train loss: 27.6127]
Fri 12 Jan 2024 14:29:38 INFO  epoch 1 evaluating [time: 0.21s, valid_score: 0.059900]
Fri 12 Jan 2024 14:29:38 INFO  valid result: 
recall@10 : 0.0177    mrr@10 : 0.0599    ndcg@10 : 0.0254    hit@10 : 0.176    precision@10 : 0.0223
Fri 12 Jan 2024 14:29:38 INFO  Saving current: saved\BPR-Jan-12-2024_14-29-35.pth
Fri 12 Jan 2024 14:29:38 INFO  epoch 2 training [time: 0.30s, train loss: 27.2250]
Fri 12 Jan 2024 14:29:39 INFO  epoch 2 evaluating [time: 0.22s, valid_score: 0.162300]
Fri 12 Jan 2024 14:29:39 INFO  valid result: 
recall@10 : 0.0609    mrr@10 : 0.1623    ndcg@10 : 0.0814    hit@10 : 0.3892    precision@10 : 0.068
Fri 12 Jan 2024 14:29:39 INFO  Saving current: saved\BPR-Jan-12-2024_14-29-35.pth
Fri 12 Jan 2024 14:29:39 INFO  epoch 3 training [time: 0.29s, train loss: 25.6884]
Fri 12 Jan 2024 14:29:39 INFO  epoch 3 evaluating [time: 0.21s, valid_score: 0.238300]
Fri 12 Jan 2024 14:29:39 INFO  valid result: 
recall@10 : 0.099    mrr@10 : 0.2383    ndcg@10 : 0.1225    hit@10 : 0.5069    precision@10 : 0.0931
Fri 12 Jan 2024 14:29:39 INFO  Saving current: saved\BPR-Jan-12-2024_14-29-35.pth
Fri 12 Jan 2024 14:29:39 INFO  epoch 4 training [time: 0.32s, train loss: 22.1513]
Fri 12 Jan 2024 14:29:40 INFO  epoch 4 evaluating [time: 0.22s, valid_score: 0.253000]
Fri 12 Jan 2024 14:29:40 INFO  valid result: 
recall@10 : 0.1137    mrr@10 : 0.253    ndcg@10 : 0.1364    hit@10 : 0.5419    precision@10 : 0.1034
Fri 12 Jan 2024 14:29:40 INFO  Saving current: saved\BPR-Jan-12-2024_14-29-35.pth
Fri 12 Jan 2024 14:29:40 INFO  epoch 5 training [time: 0.28s, train loss: 18.0216]
Fri 12 Jan 2024 14:29:40 INFO  epoch 5 evaluating [time: 0.21s, valid_score: 0.270900]
Fri 12 Jan 2024 14:29:40 INFO  valid result: 
recall@10 : 0.1212    mrr@10 : 0.2709    ndcg@10 : 0.144    hit@10 : 0.5684    precision@10 : 0.1043
Fri 12 Jan 2024 14:29:40 INFO  Saving current: saved\BPR-Jan-12-2024_14-29-35.pth
Fri 12 Jan 2024 14:29:41 INFO  epoch 6 training [time: 0.30s, train loss: 15.4003]
Fri 12 Jan 2024 14:29:41 INFO  epoch 6 evaluating [time: 0.21s, valid_score: 0.280800]
Fri 12 Jan 2024 14:29:41 INFO  valid result: 
recall@10 : 0.1258    mrr@10 : 0.2808    ndcg@10 : 0.1488    hit@10 : 0.5716    precision@10 : 0.1056
Fri 12 Jan 2024 14:29:41 INFO  Saving current: saved\BPR-Jan-12-2024_14-29-35.pth
Fri 12 Jan 2024 14:29:41 INFO  epoch 7 training [time: 0.31s, train loss: 14.1378]
Fri 12 Jan 2024 14:29:41 INFO  epoch 7 evaluating [time: 0.22s, valid_score: 0.293800]
Fri 12 Jan 2024 14:29:41 INFO  valid result: 
recall@10 : 0.1329    mrr@10 : 0.2938    ndcg@10 : 0.1556    hit@10 : 0.5896    precision@10 : 0.1084
Fri 12 Jan 2024 14:29:41 INFO  Saving current: saved\BPR-Jan-12-2024_14-29-35.pth
Fri 12 Jan 2024 14:29:42 INFO  epoch 8 training [time: 0.30s, train loss: 13.3550]
Fri 12 Jan 2024 14:29:42 INFO  epoch 8 evaluating [time: 0.20s, valid_score: 0.306900]
Fri 12 Jan 2024 14:29:42 INFO  valid result: 
recall@10 : 0.136    mrr@10 : 0.3069    ndcg@10 : 0.1609    hit@10 : 0.5949    precision@10 : 0.1086
Fri 12 Jan 2024 14:29:42 INFO  Saving current: saved\BPR-Jan-12-2024_14-29-35.pth
Fri 12 Jan 2024 14:29:42 INFO  epoch 9 training [time: 0.27s, train loss: 12.7709]
Fri 12 Jan 2024 14:29:42 INFO  epoch 9 evaluating [time: 0.19s, valid_score: 0.313900]
Fri 12 Jan 2024 14:29:42 INFO  valid result: 
recall@10 : 0.1432    mrr@10 : 0.3139    ndcg@10 : 0.1668    hit@10 : 0.6151    precision@10 : 0.1128
Fri 12 Jan 2024 14:29:42 INFO  Saving current: saved\BPR-Jan-12-2024_14-29-35.pth
Fri 12 Jan 2024 14:29:43 INFO  epoch 10 training [time: 0.28s, train loss: 12.3069]
Fri 12 Jan 2024 14:29:43 INFO  epoch 10 evaluating [time: 0.24s, valid_score: 0.318100]
Fri 12 Jan 2024 14:29:43 INFO  valid result: 
recall@10 : 0.1516    mrr@10 : 0.3181    ndcg@10 : 0.1737    hit@10 : 0.6235    precision@10 : 0.1174
Fri 12 Jan 2024 14:29:43 INFO  Saving current: saved\BPR-Jan-12-2024_14-29-35.pth
Fri 12 Jan 2024 14:29:43 INFO  epoch 11 training [time: 0.28s, train loss: 11.8370]
Fri 12 Jan 2024 14:29:43 INFO  epoch 11 evaluating [time: 0.22s, valid_score: 0.323000]
Fri 12 Jan 2024 14:29:43 INFO  valid result: 
recall@10 : 0.1625    mrr@10 : 0.323    ndcg@10 : 0.1813    hit@10 : 0.6458    precision@10 : 0.1233
Fri 12 Jan 2024 14:29:43 INFO  Saving current: saved\BPR-Jan-12-2024_14-29-35.pth
Fri 12 Jan 2024 14:29:44 INFO  epoch 12 training [time: 0.28s, train loss: 11.3931]
Fri 12 Jan 2024 14:29:44 INFO  epoch 12 evaluating [time: 0.20s, valid_score: 0.324600]
Fri 12 Jan 2024 14:29:44 INFO  valid result: 
recall@10 : 0.1655    mrr@10 : 0.3246    ndcg@10 : 0.1848    hit@10 : 0.649    precision@10 : 0.1262
Fri 12 Jan 2024 14:29:44 INFO  Saving current: saved\BPR-Jan-12-2024_14-29-35.pth
Fri 12 Jan 2024 14:29:44 INFO  epoch 13 training [time: 0.32s, train loss: 11.0161]
Fri 12 Jan 2024 14:29:44 INFO  epoch 13 evaluating [time: 0.22s, valid_score: 0.328700]
Fri 12 Jan 2024 14:29:44 INFO  valid result: 
recall@10 : 0.1688    mrr@10 : 0.3287    ndcg@10 : 0.1881    hit@10 : 0.6575    precision@10 : 0.13
Fri 12 Jan 2024 14:29:44 INFO  Saving current: saved\BPR-Jan-12-2024_14-29-35.pth
Fri 12 Jan 2024 14:29:45 INFO  epoch 14 training [time: 0.32s, train loss: 10.6968]
Fri 12 Jan 2024 14:29:45 INFO  epoch 14 evaluating [time: 0.21s, valid_score: 0.327800]
Fri 12 Jan 2024 14:29:45 INFO  valid result: 
recall@10 : 0.1717    mrr@10 : 0.3278    ndcg@10 : 0.1909    hit@10 : 0.6585    precision@10 : 0.1331
Fri 12 Jan 2024 14:29:45 INFO  epoch 15 training [time: 0.31s, train loss: 10.3347]
Fri 12 Jan 2024 14:29:46 INFO  epoch 15 evaluating [time: 0.20s, valid_score: 0.329900]
Fri 12 Jan 2024 14:29:46 INFO  valid result: 
recall@10 : 0.1738    mrr@10 : 0.3299    ndcg@10 : 0.1918    hit@10 : 0.6702    precision@10 : 0.1343
Fri 12 Jan 2024 14:29:46 INFO  Saving current: saved\BPR-Jan-12-2024_14-29-35.pth
Fri 12 Jan 2024 14:29:46 INFO  epoch 16 training [time: 0.29s, train loss: 10.0525]
Fri 12 Jan 2024 14:29:46 INFO  epoch 16 evaluating [time: 0.20s, valid_score: 0.331100]
Fri 12 Jan 2024 14:29:46 INFO  valid result: 
recall@10 : 0.1778    mrr@10 : 0.3311    ndcg@10 : 0.1931    hit@10 : 0.6755    precision@10 : 0.1361
Fri 12 Jan 2024 14:29:46 INFO  Saving current: saved\BPR-Jan-12-2024_14-29-35.pth
Fri 12 Jan 2024 14:29:46 INFO  epoch 17 training [time: 0.31s, train loss: 9.7565]
Fri 12 Jan 2024 14:29:47 INFO  epoch 17 evaluating [time: 0.20s, valid_score: 0.334300]
Fri 12 Jan 2024 14:29:47 INFO  valid result: 
recall@10 : 0.1799    mrr@10 : 0.3343    ndcg@10 : 0.1967    hit@10 : 0.684    precision@10 : 0.138
Fri 12 Jan 2024 14:29:47 INFO  Saving current: saved\BPR-Jan-12-2024_14-29-35.pth
Fri 12 Jan 2024 14:29:47 INFO  epoch 18 training [time: 0.31s, train loss: 9.4517]
Fri 12 Jan 2024 14:29:47 INFO  epoch 18 evaluating [time: 0.21s, valid_score: 0.332600]
Fri 12 Jan 2024 14:29:47 INFO  valid result: 
recall@10 : 0.1817    mrr@10 : 0.3326    ndcg@10 : 0.1965    hit@10 : 0.6946    precision@10 : 0.1387
Fri 12 Jan 2024 14:29:47 INFO  epoch 19 training [time: 0.31s, train loss: 9.3639]
Fri 12 Jan 2024 14:29:48 INFO  epoch 19 evaluating [time: 0.21s, valid_score: 0.330600]
Fri 12 Jan 2024 14:29:48 INFO  valid result: 
recall@10 : 0.1823    mrr@10 : 0.3306    ndcg@10 : 0.1968    hit@10 : 0.6861    precision@10 : 0.1392
Fri 12 Jan 2024 14:29:48 INFO  epoch 20 training [time: 0.30s, train loss: 9.1683]
Fri 12 Jan 2024 14:29:48 INFO  epoch 20 evaluating [time: 0.21s, valid_score: 0.333600]
Fri 12 Jan 2024 14:29:48 INFO  valid result: 
recall@10 : 0.1832    mrr@10 : 0.3336    ndcg@10 : 0.1988    hit@10 : 0.6914    precision@10 : 0.1411
Fri 12 Jan 2024 14:29:48 INFO  epoch 21 training [time: 0.30s, train loss: 8.9459]
Fri 12 Jan 2024 14:29:49 INFO  epoch 21 evaluating [time: 0.23s, valid_score: 0.332800]
Fri 12 Jan 2024 14:29:49 INFO  valid result: 
recall@10 : 0.1827    mrr@10 : 0.3328    ndcg@10 : 0.1995    hit@10 : 0.685    precision@10 : 0.1422
Fri 12 Jan 2024 14:29:49 INFO  epoch 22 training [time: 0.29s, train loss: 8.7272]
Fri 12 Jan 2024 14:29:49 INFO  epoch 22 evaluating [time: 0.22s, valid_score: 0.341200]
Fri 12 Jan 2024 14:29:49 INFO  valid result: 
recall@10 : 0.1838    mrr@10 : 0.3412    ndcg@10 : 0.2015    hit@10 : 0.685    precision@10 : 0.1422
Fri 12 Jan 2024 14:29:49 INFO  Saving current: saved\BPR-Jan-12-2024_14-29-35.pth
Fri 12 Jan 2024 14:29:49 INFO  epoch 23 training [time: 0.27s, train loss: 8.6746]
Fri 12 Jan 2024 14:29:50 INFO  epoch 23 evaluating [time: 0.21s, valid_score: 0.334900]
Fri 12 Jan 2024 14:29:50 INFO  valid result: 
recall@10 : 0.1858    mrr@10 : 0.3349    ndcg@10 : 0.2007    hit@10 : 0.6903    precision@10 : 0.1428
Fri 12 Jan 2024 14:29:50 INFO  epoch 24 training [time: 0.29s, train loss: 8.4028]
Fri 12 Jan 2024 14:29:50 INFO  epoch 24 evaluating [time: 0.18s, valid_score: 0.338400]
Fri 12 Jan 2024 14:29:50 INFO  valid result: 
recall@10 : 0.1889    mrr@10 : 0.3384    ndcg@10 : 0.2032    hit@10 : 0.6925    precision@10 : 0.145
Fri 12 Jan 2024 14:29:50 INFO  epoch 25 training [time: 0.34s, train loss: 8.3112]
Fri 12 Jan 2024 14:29:51 INFO  epoch 25 evaluating [time: 0.23s, valid_score: 0.342200]
Fri 12 Jan 2024 14:29:51 INFO  valid result: 
recall@10 : 0.1903    mrr@10 : 0.3422    ndcg@10 : 0.2056    hit@10 : 0.6957    precision@10 : 0.1456
Fri 12 Jan 2024 14:29:51 INFO  Saving current: saved\BPR-Jan-12-2024_14-29-35.pth
Fri 12 Jan 2024 14:29:51 INFO  epoch 26 training [time: 0.31s, train loss: 8.1946]
Fri 12 Jan 2024 14:29:51 INFO  epoch 26 evaluating [time: 0.21s, valid_score: 0.349200]
Fri 12 Jan 2024 14:29:51 INFO  valid result: 
recall@10 : 0.1909    mrr@10 : 0.3492    ndcg@10 : 0.2075    hit@10 : 0.6999    precision@10 : 0.1472
Fri 12 Jan 2024 14:29:51 INFO  Saving current: saved\BPR-Jan-12-2024_14-29-35.pth
Fri 12 Jan 2024 14:29:52 INFO  epoch 27 training [time: 0.34s, train loss: 8.1182]
Fri 12 Jan 2024 14:29:52 INFO  epoch 27 evaluating [time: 0.20s, valid_score: 0.348500]
Fri 12 Jan 2024 14:29:52 INFO  valid result: 
recall@10 : 0.1909    mrr@10 : 0.3485    ndcg@10 : 0.2079    hit@10 : 0.701    precision@10 : 0.1483
Fri 12 Jan 2024 14:29:52 INFO  epoch 28 training [time: 0.31s, train loss: 7.9611]
Fri 12 Jan 2024 14:29:52 INFO  epoch 28 evaluating [time: 0.29s, valid_score: 0.347800]
Fri 12 Jan 2024 14:29:52 INFO  valid result: 
recall@10 : 0.1895    mrr@10 : 0.3478    ndcg@10 : 0.2069    hit@10 : 0.7094    precision@10 : 0.1473
Fri 12 Jan 2024 14:29:53 INFO  epoch 29 training [time: 0.48s, train loss: 7.7703]
Fri 12 Jan 2024 14:29:53 INFO  epoch 29 evaluating [time: 0.34s, valid_score: 0.348400]
Fri 12 Jan 2024 14:29:53 INFO  valid result: 
recall@10 : 0.1906    mrr@10 : 0.3484    ndcg@10 : 0.2089    hit@10 : 0.7041    precision@10 : 0.1487
Fri 12 Jan 2024 14:29:54 INFO  epoch 30 training [time: 0.47s, train loss: 7.6983]
Fri 12 Jan 2024 14:29:54 INFO  epoch 30 evaluating [time: 0.22s, valid_score: 0.349500]
Fri 12 Jan 2024 14:29:54 INFO  valid result: 
recall@10 : 0.1934    mrr@10 : 0.3495    ndcg@10 : 0.21    hit@10 : 0.7105    precision@10 : 0.1502
Fri 12 Jan 2024 14:29:54 INFO  Saving current: saved\BPR-Jan-12-2024_14-29-35.pth
Fri 12 Jan 2024 14:29:54 INFO  epoch 31 training [time: 0.34s, train loss: 7.6426]
Fri 12 Jan 2024 14:29:54 INFO  epoch 31 evaluating [time: 0.21s, valid_score: 0.352400]
Fri 12 Jan 2024 14:29:54 INFO  valid result: 
recall@10 : 0.1916    mrr@10 : 0.3524    ndcg@10 : 0.2097    hit@10 : 0.7084    precision@10 : 0.1491
Fri 12 Jan 2024 14:29:54 INFO  Saving current: saved\BPR-Jan-12-2024_14-29-35.pth
Fri 12 Jan 2024 14:29:55 INFO  epoch 32 training [time: 0.34s, train loss: 7.4972]
Fri 12 Jan 2024 14:29:55 INFO  epoch 32 evaluating [time: 0.21s, valid_score: 0.354800]
Fri 12 Jan 2024 14:29:55 INFO  valid result: 
recall@10 : 0.1913    mrr@10 : 0.3548    ndcg@10 : 0.2109    hit@10 : 0.7094    precision@10 : 0.1485
Fri 12 Jan 2024 14:29:55 INFO  Saving current: saved\BPR-Jan-12-2024_14-29-35.pth
Fri 12 Jan 2024 14:29:55 INFO  epoch 33 training [time: 0.28s, train loss: 7.4174]
Fri 12 Jan 2024 14:29:56 INFO  epoch 33 evaluating [time: 0.20s, valid_score: 0.355000]
Fri 12 Jan 2024 14:29:56 INFO  valid result: 
recall@10 : 0.1943    mrr@10 : 0.355    ndcg@10 : 0.2125    hit@10 : 0.7126    precision@10 : 0.1507
Fri 12 Jan 2024 14:29:56 INFO  Saving current: saved\BPR-Jan-12-2024_14-29-35.pth
Fri 12 Jan 2024 14:29:56 INFO  epoch 34 training [time: 0.30s, train loss: 7.2950]
Fri 12 Jan 2024 14:29:56 INFO  epoch 34 evaluating [time: 0.22s, valid_score: 0.350800]
Fri 12 Jan 2024 14:29:56 INFO  valid result: 
recall@10 : 0.1954    mrr@10 : 0.3508    ndcg@10 : 0.2119    hit@10 : 0.7169    precision@10 : 0.1506
Fri 12 Jan 2024 14:29:56 INFO  epoch 35 training [time: 0.30s, train loss: 7.1832]
Fri 12 Jan 2024 14:29:57 INFO  epoch 35 evaluating [time: 0.22s, valid_score: 0.350500]
Fri 12 Jan 2024 14:29:57 INFO  valid result: 
recall@10 : 0.1913    mrr@10 : 0.3505    ndcg@10 : 0.21    hit@10 : 0.7052    precision@10 : 0.1491
Fri 12 Jan 2024 14:29:57 INFO  epoch 36 training [time: 0.31s, train loss: 7.0275]
Fri 12 Jan 2024 14:29:57 INFO  epoch 36 evaluating [time: 0.21s, valid_score: 0.356500]
Fri 12 Jan 2024 14:29:57 INFO  valid result: 
recall@10 : 0.1942    mrr@10 : 0.3565    ndcg@10 : 0.2129    hit@10 : 0.7137    precision@10 : 0.1505
Fri 12 Jan 2024 14:29:57 INFO  Saving current: saved\BPR-Jan-12-2024_14-29-35.pth
Fri 12 Jan 2024 14:29:57 INFO  epoch 37 training [time: 0.32s, train loss: 7.0355]
Fri 12 Jan 2024 14:29:58 INFO  epoch 37 evaluating [time: 0.20s, valid_score: 0.363600]
Fri 12 Jan 2024 14:29:58 INFO  valid result: 
recall@10 : 0.1965    mrr@10 : 0.3636    ndcg@10 : 0.2172    hit@10 : 0.7158    precision@10 : 0.1526
Fri 12 Jan 2024 14:29:58 INFO  Saving current: saved\BPR-Jan-12-2024_14-29-35.pth
Fri 12 Jan 2024 14:29:58 INFO  epoch 38 training [time: 0.31s, train loss: 6.9350]
Fri 12 Jan 2024 14:29:58 INFO  epoch 38 evaluating [time: 0.21s, valid_score: 0.361100]
Fri 12 Jan 2024 14:29:58 INFO  valid result: 
recall@10 : 0.1948    mrr@10 : 0.3611    ndcg@10 : 0.216    hit@10 : 0.7169    precision@10 : 0.1526
Fri 12 Jan 2024 14:29:58 INFO  epoch 39 training [time: 0.30s, train loss: 6.8461]
Fri 12 Jan 2024 14:29:59 INFO  epoch 39 evaluating [time: 0.22s, valid_score: 0.365200]
Fri 12 Jan 2024 14:29:59 INFO  valid result: 
recall@10 : 0.197    mrr@10 : 0.3652    ndcg@10 : 0.2171    hit@10 : 0.7147    precision@10 : 0.151
Fri 12 Jan 2024 14:29:59 INFO  Saving current: saved\BPR-Jan-12-2024_14-29-35.pth
Fri 12 Jan 2024 14:29:59 INFO  epoch 40 training [time: 0.30s, train loss: 6.8012]
Fri 12 Jan 2024 14:29:59 INFO  epoch 40 evaluating [time: 0.23s, valid_score: 0.366100]
Fri 12 Jan 2024 14:29:59 INFO  valid result: 
recall@10 : 0.197    mrr@10 : 0.3661    ndcg@10 : 0.2176    hit@10 : 0.7232    precision@10 : 0.1517
Fri 12 Jan 2024 14:29:59 INFO  Saving current: saved\BPR-Jan-12-2024_14-29-35.pth
Fri 12 Jan 2024 14:30:00 INFO  epoch 41 training [time: 0.30s, train loss: 6.6236]
Fri 12 Jan 2024 14:30:00 INFO  epoch 41 evaluating [time: 0.22s, valid_score: 0.367800]
Fri 12 Jan 2024 14:30:00 INFO  valid result: 
recall@10 : 0.198    mrr@10 : 0.3678    ndcg@10 : 0.2191    hit@10 : 0.7232    precision@10 : 0.1533
Fri 12 Jan 2024 14:30:00 INFO  Saving current: saved\BPR-Jan-12-2024_14-29-35.pth
Fri 12 Jan 2024 14:30:00 INFO  epoch 42 training [time: 0.30s, train loss: 6.6195]
Fri 12 Jan 2024 14:30:00 INFO  epoch 42 evaluating [time: 0.20s, valid_score: 0.367000]
Fri 12 Jan 2024 14:30:00 INFO  valid result: 
recall@10 : 0.1984    mrr@10 : 0.367    ndcg@10 : 0.2192    hit@10 : 0.7211    precision@10 : 0.1533
Fri 12 Jan 2024 14:30:01 INFO  epoch 43 training [time: 0.29s, train loss: 6.5949]
Fri 12 Jan 2024 14:30:01 INFO  epoch 43 evaluating [time: 0.21s, valid_score: 0.363000]
Fri 12 Jan 2024 14:30:01 INFO  valid result: 
recall@10 : 0.1992    mrr@10 : 0.363    ndcg@10 : 0.2193    hit@10 : 0.7243    precision@10 : 0.1539
Fri 12 Jan 2024 14:30:01 INFO  epoch 44 training [time: 0.29s, train loss: 6.3966]
Fri 12 Jan 2024 14:30:01 INFO  epoch 44 evaluating [time: 0.22s, valid_score: 0.360400]
Fri 12 Jan 2024 14:30:01 INFO  valid result: 
recall@10 : 0.2012    mrr@10 : 0.3604    ndcg@10 : 0.2193    hit@10 : 0.7275    precision@10 : 0.1546
Fri 12 Jan 2024 14:30:02 INFO  epoch 45 training [time: 0.31s, train loss: 6.3433]
Fri 12 Jan 2024 14:30:02 INFO  epoch 45 evaluating [time: 0.21s, valid_score: 0.365800]
Fri 12 Jan 2024 14:30:02 INFO  valid result: 
recall@10 : 0.2013    mrr@10 : 0.3658    ndcg@10 : 0.2203    hit@10 : 0.7328    precision@10 : 0.1545
Fri 12 Jan 2024 14:30:02 INFO  epoch 46 training [time: 0.30s, train loss: 6.2873]
Fri 12 Jan 2024 14:30:02 INFO  epoch 46 evaluating [time: 0.21s, valid_score: 0.366400]
Fri 12 Jan 2024 14:30:02 INFO  valid result: 
recall@10 : 0.2012    mrr@10 : 0.3664    ndcg@10 : 0.2204    hit@10 : 0.7317    precision@10 : 0.1541
Fri 12 Jan 2024 14:30:03 INFO  epoch 47 training [time: 0.32s, train loss: 6.1345]
Fri 12 Jan 2024 14:30:03 INFO  epoch 47 evaluating [time: 0.24s, valid_score: 0.368400]
Fri 12 Jan 2024 14:30:03 INFO  valid result: 
recall@10 : 0.2055    mrr@10 : 0.3684    ndcg@10 : 0.2236    hit@10 : 0.737    precision@10 : 0.1562
Fri 12 Jan 2024 14:30:03 INFO  Saving current: saved\BPR-Jan-12-2024_14-29-35.pth
Fri 12 Jan 2024 14:30:03 INFO  epoch 48 training [time: 0.30s, train loss: 5.9747]
Fri 12 Jan 2024 14:30:03 INFO  epoch 48 evaluating [time: 0.21s, valid_score: 0.369200]
Fri 12 Jan 2024 14:30:03 INFO  valid result: 
recall@10 : 0.2055    mrr@10 : 0.3692    ndcg@10 : 0.2234    hit@10 : 0.7402    precision@10 : 0.1561
Fri 12 Jan 2024 14:30:03 INFO  Saving current: saved\BPR-Jan-12-2024_14-29-35.pth
Fri 12 Jan 2024 14:30:04 INFO  epoch 49 training [time: 0.28s, train loss: 6.0464]
Fri 12 Jan 2024 14:30:04 INFO  epoch 49 evaluating [time: 0.23s, valid_score: 0.372500]
Fri 12 Jan 2024 14:30:04 INFO  valid result: 
recall@10 : 0.2057    mrr@10 : 0.3725    ndcg@10 : 0.2244    hit@10 : 0.7381    precision@10 : 0.1568
Fri 12 Jan 2024 14:30:04 INFO  Saving current: saved\BPR-Jan-12-2024_14-29-35.pth
Fri 12 Jan 2024 14:30:04 INFO  epoch 50 training [time: 0.30s, train loss: 5.9876]
Fri 12 Jan 2024 14:30:04 INFO  epoch 50 evaluating [time: 0.23s, valid_score: 0.367800]
Fri 12 Jan 2024 14:30:04 INFO  valid result: 
recall@10 : 0.2061    mrr@10 : 0.3678    ndcg@10 : 0.2239    hit@10 : 0.7391    precision@10 : 0.1573
Fri 12 Jan 2024 14:30:05 INFO  epoch 51 training [time: 0.32s, train loss: 5.9036]
Fri 12 Jan 2024 14:30:05 INFO  epoch 51 evaluating [time: 0.23s, valid_score: 0.367000]
Fri 12 Jan 2024 14:30:05 INFO  valid result: 
recall@10 : 0.2063    mrr@10 : 0.367    ndcg@10 : 0.2235    hit@10 : 0.7391    precision@10 : 0.1568
Fri 12 Jan 2024 14:30:05 INFO  epoch 52 training [time: 0.30s, train loss: 5.7154]
Fri 12 Jan 2024 14:30:06 INFO  epoch 52 evaluating [time: 0.20s, valid_score: 0.363900]
Fri 12 Jan 2024 14:30:06 INFO  valid result: 
recall@10 : 0.2064    mrr@10 : 0.3639    ndcg@10 : 0.2219    hit@10 : 0.7402    precision@10 : 0.1569
Fri 12 Jan 2024 14:30:06 INFO  epoch 53 training [time: 0.28s, train loss: 5.6627]
Fri 12 Jan 2024 14:30:06 INFO  epoch 53 evaluating [time: 0.21s, valid_score: 0.364500]
Fri 12 Jan 2024 14:30:06 INFO  valid result: 
recall@10 : 0.2071    mrr@10 : 0.3645    ndcg@10 : 0.2236    hit@10 : 0.7423    precision@10 : 0.1584
Fri 12 Jan 2024 14:30:06 INFO  epoch 54 training [time: 0.27s, train loss: 5.6610]
Fri 12 Jan 2024 14:30:06 INFO  epoch 54 evaluating [time: 0.21s, valid_score: 0.366300]
Fri 12 Jan 2024 14:30:06 INFO  valid result: 
recall@10 : 0.2051    mrr@10 : 0.3663    ndcg@10 : 0.2231    hit@10 : 0.7349    precision@10 : 0.1575
Fri 12 Jan 2024 14:30:07 INFO  epoch 55 training [time: 0.27s, train loss: 5.5598]
Fri 12 Jan 2024 14:30:07 INFO  epoch 55 evaluating [time: 0.20s, valid_score: 0.362100]
Fri 12 Jan 2024 14:30:07 INFO  valid result: 
recall@10 : 0.2078    mrr@10 : 0.3621    ndcg@10 : 0.2239    hit@10 : 0.7466    precision@10 : 0.1594
Fri 12 Jan 2024 14:30:07 INFO  epoch 56 training [time: 0.30s, train loss: 5.4947]
Fri 12 Jan 2024 14:30:08 INFO  epoch 56 evaluating [time: 0.23s, valid_score: 0.365800]
Fri 12 Jan 2024 14:30:08 INFO  valid result: 
recall@10 : 0.2097    mrr@10 : 0.3658    ndcg@10 : 0.2254    hit@10 : 0.7466    precision@10 : 0.16
Fri 12 Jan 2024 14:30:08 INFO  epoch 57 training [time: 0.29s, train loss: 5.4664]
Fri 12 Jan 2024 14:30:08 INFO  epoch 57 evaluating [time: 0.20s, valid_score: 0.364000]
Fri 12 Jan 2024 14:30:08 INFO  valid result: 
recall@10 : 0.2093    mrr@10 : 0.364    ndcg@10 : 0.225    hit@10 : 0.7434    precision@10 : 0.1598
Fri 12 Jan 2024 14:30:08 INFO  epoch 58 training [time: 0.32s, train loss: 5.4129]
Fri 12 Jan 2024 14:30:09 INFO  epoch 58 evaluating [time: 0.22s, valid_score: 0.367400]
Fri 12 Jan 2024 14:30:09 INFO  valid result: 
recall@10 : 0.2058    mrr@10 : 0.3674    ndcg@10 : 0.2236    hit@10 : 0.7391    precision@10 : 0.1581
Fri 12 Jan 2024 14:30:09 INFO  epoch 59 training [time: 0.32s, train loss: 5.3308]
Fri 12 Jan 2024 14:30:09 INFO  epoch 59 evaluating [time: 0.21s, valid_score: 0.364400]
Fri 12 Jan 2024 14:30:09 INFO  valid result: 
recall@10 : 0.2098    mrr@10 : 0.3644    ndcg@10 : 0.2253    hit@10 : 0.7466    precision@10 : 0.1601
Fri 12 Jan 2024 14:30:09 INFO  epoch 60 training [time: 0.32s, train loss: 5.3235]
Fri 12 Jan 2024 14:30:10 INFO  epoch 60 evaluating [time: 0.22s, valid_score: 0.364000]
Fri 12 Jan 2024 14:30:10 INFO  valid result: 
recall@10 : 0.2117    mrr@10 : 0.364    ndcg@10 : 0.2263    hit@10 : 0.7476    precision@10 : 0.1611
Fri 12 Jan 2024 14:30:10 INFO  Finished training, best eval result in epoch 49
Fri 12 Jan 2024 14:30:10 INFO  Loading model structure and parameters from saved\BPR-Jan-12-2024_14-29-35.pth
